
     | | | | | | |
   _________________
  -|               |-
  -|               |-
  -|               |-
  -|    CYPRESS    |-
  -|               |-
  -|               |-   Warp VHDL Synthesis Compiler: Version 6.3 IR 35
  -|               |-   Copyright (C) 1991-2001 Cypress Semiconductor
   |_______________|
     | | | | | | |

======================================================================
Compiling:  Otra.vhd
Options:    -m -yu -e10 -w100 -o2 -ygs -fP -v10 -dc22v10 -ppalc22v10d-15pc -b Otra.vhd -u Otra.hie
======================================================================

vhdlfe V6.3 IR 35:  VHDL parser
Mon Jan 25 19:10:21 2021

Library 'work' => directory 'lc22v10'
Linking 'C:\PROGRA~1\Cypress\Warp\bin\std.vhd'.
Linking 'C:\PROGRA~1\Cypress\Warp\lib\common\cypress.vhd'.
Linking 'C:\PROGRA~1\Cypress\Warp\lib\common\work\cypress.vif'.
Library 'ieee' => directory 'C:\PROGRA~1\Cypress\Warp\lib\ieee\work'
Linking 'C:\PROGRA~1\Cypress\Warp\lib\ieee\work\stdlogic.vif'.

vhdlfe:  No errors.


tovif V6.3 IR 35:  High-level synthesis
Mon Jan 25 19:10:22 2021

Linking 'C:\PROGRA~1\Cypress\Warp\bin\std.vhd'.
Linking 'C:\PROGRA~1\Cypress\Warp\lib\common\cypress.vhd'.
Linking 'C:\PROGRA~1\Cypress\Warp\lib\common\work\cypress.vif'.
Linking 'C:\PROGRA~1\Cypress\Warp\lib\ieee\work\stdlogic.vif'.

tovif:  No errors.


topld V6.3 IR 35:  Synthesis and optimization
Mon Jan 25 19:10:23 2021

Linking 'C:\PROGRA~1\Cypress\Warp\bin\std.vhd'.
Linking 'C:\PROGRA~1\Cypress\Warp\lib\common\cypress.vhd'.
Linking 'C:\PROGRA~1\Cypress\Warp\lib\common\work\cypress.vif'.
Linking 'C:\PROGRA~1\Cypress\Warp\lib\ieee\work\stdlogic.vif'.
State variable 'actual' is represented by a Bit_vector (0 to 1).
State encoding (sequential) for 'actual' is:
	a :=	b"00";
	b :=	b"01";
	c :=	b"10";
	d :=	b"11";
State variable 'prox' is represented by a Bit_vector (0 to 1).
State encoding (sequential) for 'prox' is:
	a :=	b"00";
	b :=	b"01";
	c :=	b"10";
	d :=	b"11";

----------------------------------------------------------
Detecting unused logic.
----------------------------------------------------------
    User names
	actualSBV_0
	actualSBV_1
	proxSBV_0
	proxSBV_1


Deleted 4 User equations/components.
Deleted 2 Synthesized equations/components.

------------------------------------------------------
Alias Detection
------------------------------------------------------

------------------------------------------------------
Aliased 0 equations, 0 wires.
------------------------------------------------------

----------------------------------------------------------
Circuit simplification
----------------------------------------------------------

----------------------------------------------------------
Circuit simplification results:

	Expanded 0 signals.
	Turned 0 signals into soft nodes.
	Maximum default expansion cost was set at 10.
----------------------------------------------------------
Created 11 PLD nodes.

topld:  No errors.

----------------------------------------------------------------------------
PLD Optimizer Software:       DSGNOPT.EXE    31/03/2000  [v4.02 ] 6.3 IR 35

DESIGN HEADER INFORMATION  (19:10:24)

Input File(s): Otra.pla
Device       : C22V10
Package      : palc22v10d-15pc
ReportFile   : Otra.rpt

Program Controls:
    COMMAND LANGUAGE_VHDL 
    COMMAND PROPERTY BUS_HOLD ENABLE 

Signal Requests:
    GROUP USEPOL ALL
    GROUP FAST_SLEW ALL

Completed Successfully  
----------------------------------------------------------------------------
PLD Optimizer Software:       DSGNOPT.EXE    31/03/2000  [v4.02 ] 6.3 IR 35

OPTIMIZATION OPTIONS       (19:10:24)

Messages:
  Information: Selected logic optimization OFF for signals:
         z



Summary:
                 Error Count = 0      Warning Count = 0

Completed Successfully  
----------------------------------------------------------------------------
PLD Optimizer Software:       MINOPT.EXE     01/NOV/1999  [v4.02 ] 6.3 IR 35

LOGIC MINIMIZATION         ()

Messages:


Summary:
                 Error Count = 0      Warning Count = 0

Completed Successfully
----------------------------------------------------------------------------
PLD Optimizer Software:       DSGNOPT.EXE    31/03/2000  [v4.02 ] 6.3 IR 35

OPTIMIZATION OPTIONS       (19:10:25)

Messages:
  Information: Optimizing Banked Preset/Reset requirements.


Summary:
                 Error Count = 0      Warning Count = 0

Completed Successfully  
----------------------------------------------------------------------------
PLD Compiler Software:        PLA2JED.EXE    31/03/2000  [v4.02 ] 6.3 IR 35

<CYPRESSTAG name="Equations" icon=FILE_RPT_EQUATION>
DESIGN EQUATIONS           (19:10:25)
</CYPRESSTAG>

    z =
          GND


Completed Successfully  
----------------------------------------------------------------------------
PLD Compiler Software:        PLA2JED.EXE    31/03/2000  [v4.02 ] 6.3 IR 35

DESIGN RULE CHECK          (19:10:25)

Messages:
                 None.


Summary:
                 Error Count = 0      Warning Count = 0

Completed Successfully  
----------------------------------------------------------------------------
PLD Compiler Software:        PLA2JED.EXE    31/03/2000  [v4.02 ] 6.3 IR 35

<CYPRESSTAG name="Pinout" icon=FILE_RPT_PINOUT>
PINOUT INFORMATION   (19:10:25)
</CYPRESSTAG>
Messages:
  Information: Checking for duplicate NODE logic.
                 None.


                                 C22V10
                 __________________________________________
       not used *| 1|                                  |24|* not used       
       not used *| 2|                                  |23|* not used       
       not used *| 3|                                  |22|* not used       
       not used *| 4|                                  |21|* not used       
       not used *| 5|                                  |20|* not used       
       not used *| 6|                                  |19|* not used       
       not used *| 7|                                  |18|* not used       
       not used *| 8|                                  |17|* not used       
       not used *| 9|                                  |16|* not used       
       not used *|10|                                  |15|* not used       
       not used *|11|                                  |14|= z              
       not used *|12|                                  |13|* not used       
                 __________________________________________


Summary:
                 Error Count = 0      Warning Count = 0

Completed Successfully  
----------------------------------------------------------------------------
PLD Compiler Software:        PLA2JED.EXE    31/03/2000  [v4.02 ] 6.3 IR 35

<CYPRESSTAG name="Utilization" icon=FILE_RPT_UTILIZATION>
RESOURCE UTILIZATION (19:10:25)
</CYPRESSTAG>
  Information: Macrocell Utilization.

                     Description        Used     Max
                 ______________________________________
                 | Dedicated Inputs   |    0  |   11  |
                 | Clock/Inputs       |    0  |    1  |
                 | I/O Macrocells     |    1  |   10  |
                 ______________________________________
                                           1  /   22   = 4   %


  Information: Output Logic Product Term Utilization.

                  Node#  Output Signal Name  Used   Max
                 ________________________________________
                 | 14  |  z               |   1  |   8  |
                 | 15  |  Unused          |   0  |  10  |
                 | 16  |  Unused          |   0  |  12  |
                 | 17  |  Unused          |   0  |  14  |
                 | 18  |  Unused          |   0  |  16  |
                 | 19  |  Unused          |   0  |  16  |
                 | 20  |  Unused          |   0  |  14  |
                 | 21  |  Unused          |   0  |  12  |
                 | 22  |  Unused          |   0  |  10  |
                 | 23  |  Unused          |   0  |   8  |
                 | 25  |  Unused          |   0  |   1  |
                 ________________________________________
                                              1  / 121   = 0   %


Completed Successfully  
----------------------------------------------------------------------------
PLD Compiler Software:        PLA2JED.EXE    31/03/2000  [v4.02 ] 6.3 IR 35

JEDEC ASSEMBLE             (19:10:25)

Messages:
  Information: Output file 'Otra.pin' created.
  Information: Output file 'Otra.jed' created.

  Usercode:    
  Checksum:    0516



Summary:
                 Error Count = 0      Warning Count = 0

Completed Successfully at 19:10:26
